[2023-04-19 17:00:01,064] INFO [test-couchbase-source|task-0|offsets] {"milestone":"OFFSET_COMMIT_HOOK","taskUuid":"cdeebbba-318b-46cd-a71e-e2c1dc2ea319","context":"[test-couchbase-source|task-0|offsets]"} (com.couchbase.connect.kafka.SourceTaskLifecycle:202)
[2023-04-19 17:00:01,078] INFO [test-couchbase-source|task-1|offsets] {"milestone":"OFFSET_COMMIT_HOOK","taskUuid":"643044cb-cb1b-47aa-82d8-0789ad90dc28","context":"[test-couchbase-source|task-1|offsets]"} (com.couchbase.connect.kafka.SourceTaskLifecycle:202)
[2023-04-19 17:00:11,083] INFO [test-couchbase-source|task-0|offsets] {"milestone":"OFFSET_COMMIT_HOOK","taskUuid":"cdeebbba-318b-46cd-a71e-e2c1dc2ea319","context":"[test-couchbase-source|task-0|offsets]"} (com.couchbase.connect.kafka.SourceTaskLifecycle:202)
[2023-04-19 17:00:11,083] INFO [test-couchbase-source|task-1|offsets] {"milestone":"OFFSET_COMMIT_HOOK","taskUuid":"643044cb-cb1b-47aa-82d8-0789ad90dc28","context":"[test-couchbase-source|task-1|offsets]"} (com.couchbase.connect.kafka.SourceTaskLifecycle:202)
[2023-04-19 17:00:21,088] INFO [test-couchbase-source|task-0|offsets] {"milestone":"OFFSET_COMMIT_HOOK","taskUuid":"cdeebbba-318b-46cd-a71e-e2c1dc2ea319","context":"[test-couchbase-source|task-0|offsets]"} (com.couchbase.connect.kafka.SourceTaskLifecycle:202)
[2023-04-19 17:00:21,088] INFO [test-couchbase-source|task-1|offsets] {"milestone":"OFFSET_COMMIT_HOOK","taskUuid":"643044cb-cb1b-47aa-82d8-0789ad90dc28","context":"[test-couchbase-source|task-1|offsets]"} (com.couchbase.connect.kafka.SourceTaskLifecycle:202)
[2023-04-19 17:00:31,093] INFO [test-couchbase-source|task-0|offsets] {"milestone":"OFFSET_COMMIT_HOOK","taskUuid":"cdeebbba-318b-46cd-a71e-e2c1dc2ea319","context":"[test-couchbase-source|task-0|offsets]"} (com.couchbase.connect.kafka.SourceTaskLifecycle:202)
[2023-04-19 17:00:31,093] INFO [test-couchbase-source|task-1|offsets] {"milestone":"OFFSET_COMMIT_HOOK","taskUuid":"643044cb-cb1b-47aa-82d8-0789ad90dc28","context":"[test-couchbase-source|task-1|offsets]"} (com.couchbase.connect.kafka.SourceTaskLifecycle:202)
[2023-04-19 17:00:41,098] INFO [test-couchbase-source|task-0|offsets] {"milestone":"OFFSET_COMMIT_HOOK","taskUuid":"cdeebbba-318b-46cd-a71e-e2c1dc2ea319","context":"[test-couchbase-source|task-0|offsets]"} (com.couchbase.connect.kafka.SourceTaskLifecycle:202)
[2023-04-19 17:00:41,098] INFO [test-couchbase-source|task-1|offsets] {"milestone":"OFFSET_COMMIT_HOOK","taskUuid":"643044cb-cb1b-47aa-82d8-0789ad90dc28","context":"[test-couchbase-source|task-1|offsets]"} (com.couchbase.connect.kafka.SourceTaskLifecycle:202)
[2023-04-19 17:00:51,101] INFO [test-couchbase-source|task-0|offsets] {"milestone":"OFFSET_COMMIT_HOOK","taskUuid":"cdeebbba-318b-46cd-a71e-e2c1dc2ea319","context":"[test-couchbase-source|task-0|offsets]"} (com.couchbase.connect.kafka.SourceTaskLifecycle:202)
[2023-04-19 17:00:51,101] INFO [test-couchbase-source|task-1|offsets] {"milestone":"OFFSET_COMMIT_HOOK","taskUuid":"643044cb-cb1b-47aa-82d8-0789ad90dc28","context":"[test-couchbase-source|task-1|offsets]"} (com.couchbase.connect.kafka.SourceTaskLifecycle:202)
[2023-04-19 17:01:01,111] INFO [test-couchbase-source|task-0|offsets] {"milestone":"OFFSET_COMMIT_HOOK","taskUuid":"cdeebbba-318b-46cd-a71e-e2c1dc2ea319","context":"[test-couchbase-source|task-0|offsets]"} (com.couchbase.connect.kafka.SourceTaskLifecycle:202)
[2023-04-19 17:01:01,126] INFO [test-couchbase-source|task-1|offsets] {"milestone":"OFFSET_COMMIT_HOOK","taskUuid":"643044cb-cb1b-47aa-82d8-0789ad90dc28","context":"[test-couchbase-source|task-1|offsets]"} (com.couchbase.connect.kafka.SourceTaskLifecycle:202)
[2023-04-19 17:01:11,132] INFO [test-couchbase-source|task-0|offsets] {"milestone":"OFFSET_COMMIT_HOOK","taskUuid":"cdeebbba-318b-46cd-a71e-e2c1dc2ea319","context":"[test-couchbase-source|task-0|offsets]"} (com.couchbase.connect.kafka.SourceTaskLifecycle:202)
[2023-04-19 17:01:11,133] INFO [test-couchbase-source|task-1|offsets] {"milestone":"OFFSET_COMMIT_HOOK","taskUuid":"643044cb-cb1b-47aa-82d8-0789ad90dc28","context":"[test-couchbase-source|task-1|offsets]"} (com.couchbase.connect.kafka.SourceTaskLifecycle:202)
[2023-04-19 17:01:21,142] INFO [test-couchbase-source|task-0|offsets] {"milestone":"OFFSET_COMMIT_HOOK","taskUuid":"cdeebbba-318b-46cd-a71e-e2c1dc2ea319","context":"[test-couchbase-source|task-0|offsets]"} (com.couchbase.connect.kafka.SourceTaskLifecycle:202)
[2023-04-19 17:01:21,142] INFO [test-couchbase-source|task-1|offsets] {"milestone":"OFFSET_COMMIT_HOOK","taskUuid":"643044cb-cb1b-47aa-82d8-0789ad90dc28","context":"[test-couchbase-source|task-1|offsets]"} (com.couchbase.connect.kafka.SourceTaskLifecycle:202)
[2023-04-19 17:01:31,150] INFO [test-couchbase-source|task-0|offsets] {"milestone":"OFFSET_COMMIT_HOOK","taskUuid":"cdeebbba-318b-46cd-a71e-e2c1dc2ea319","context":"[test-couchbase-source|task-0|offsets]"} (com.couchbase.connect.kafka.SourceTaskLifecycle:202)
[2023-04-19 17:01:31,151] INFO [test-couchbase-source|task-1|offsets] {"milestone":"OFFSET_COMMIT_HOOK","taskUuid":"643044cb-cb1b-47aa-82d8-0789ad90dc28","context":"[test-couchbase-source|task-1|offsets]"} (com.couchbase.connect.kafka.SourceTaskLifecycle:202)
[2023-04-19 17:01:41,160] INFO [test-couchbase-source|task-0|offsets] {"milestone":"OFFSET_COMMIT_HOOK","taskUuid":"cdeebbba-318b-46cd-a71e-e2c1dc2ea319","context":"[test-couchbase-source|task-0|offsets]"} (com.couchbase.connect.kafka.SourceTaskLifecycle:202)
[2023-04-19 17:01:41,160] INFO [test-couchbase-source|task-1|offsets] {"milestone":"OFFSET_COMMIT_HOOK","taskUuid":"643044cb-cb1b-47aa-82d8-0789ad90dc28","context":"[test-couchbase-source|task-1|offsets]"} (com.couchbase.connect.kafka.SourceTaskLifecycle:202)
[2023-04-19 17:01:51,169] INFO [test-couchbase-source|task-0|offsets] {"milestone":"OFFSET_COMMIT_HOOK","taskUuid":"cdeebbba-318b-46cd-a71e-e2c1dc2ea319","context":"[test-couchbase-source|task-0|offsets]"} (com.couchbase.connect.kafka.SourceTaskLifecycle:202)
[2023-04-19 17:01:51,169] INFO [test-couchbase-source|task-1|offsets] {"milestone":"OFFSET_COMMIT_HOOK","taskUuid":"643044cb-cb1b-47aa-82d8-0789ad90dc28","context":"[test-couchbase-source|task-1|offsets]"} (com.couchbase.connect.kafka.SourceTaskLifecycle:202)
[2023-04-19 17:02:01,177] INFO [test-couchbase-source|task-0|offsets] {"milestone":"OFFSET_COMMIT_HOOK","taskUuid":"cdeebbba-318b-46cd-a71e-e2c1dc2ea319","context":"[test-couchbase-source|task-0|offsets]"} (com.couchbase.connect.kafka.SourceTaskLifecycle:202)
[2023-04-19 17:02:01,177] INFO [test-couchbase-source|task-1|offsets] {"milestone":"OFFSET_COMMIT_HOOK","taskUuid":"643044cb-cb1b-47aa-82d8-0789ad90dc28","context":"[test-couchbase-source|task-1|offsets]"} (com.couchbase.connect.kafka.SourceTaskLifecycle:202)
[2023-04-19 17:02:11,184] INFO [test-couchbase-source|task-0|offsets] {"milestone":"OFFSET_COMMIT_HOOK","taskUuid":"cdeebbba-318b-46cd-a71e-e2c1dc2ea319","context":"[test-couchbase-source|task-0|offsets]"} (com.couchbase.connect.kafka.SourceTaskLifecycle:202)
[2023-04-19 17:02:11,185] INFO [test-couchbase-source|task-1|offsets] {"milestone":"OFFSET_COMMIT_HOOK","taskUuid":"643044cb-cb1b-47aa-82d8-0789ad90dc28","context":"[test-couchbase-source|task-1|offsets]"} (com.couchbase.connect.kafka.SourceTaskLifecycle:202)
[2023-04-19 17:02:21,193] INFO [test-couchbase-source|task-0|offsets] {"milestone":"OFFSET_COMMIT_HOOK","taskUuid":"cdeebbba-318b-46cd-a71e-e2c1dc2ea319","context":"[test-couchbase-source|task-0|offsets]"} (com.couchbase.connect.kafka.SourceTaskLifecycle:202)
[2023-04-19 17:02:21,194] INFO [test-couchbase-source|task-1|offsets] {"milestone":"OFFSET_COMMIT_HOOK","taskUuid":"643044cb-cb1b-47aa-82d8-0789ad90dc28","context":"[test-couchbase-source|task-1|offsets]"} (com.couchbase.connect.kafka.SourceTaskLifecycle:202)
[2023-04-19 17:02:31,201] INFO [test-couchbase-source|task-0|offsets] {"milestone":"OFFSET_COMMIT_HOOK","taskUuid":"cdeebbba-318b-46cd-a71e-e2c1dc2ea319","context":"[test-couchbase-source|task-0|offsets]"} (com.couchbase.connect.kafka.SourceTaskLifecycle:202)
[2023-04-19 17:02:31,201] INFO [test-couchbase-source|task-1|offsets] {"milestone":"OFFSET_COMMIT_HOOK","taskUuid":"643044cb-cb1b-47aa-82d8-0789ad90dc28","context":"[test-couchbase-source|task-1|offsets]"} (com.couchbase.connect.kafka.SourceTaskLifecycle:202)
[2023-04-19 17:02:41,211] INFO [test-couchbase-source|task-0|offsets] {"milestone":"OFFSET_COMMIT_HOOK","taskUuid":"cdeebbba-318b-46cd-a71e-e2c1dc2ea319","context":"[test-couchbase-source|task-0|offsets]"} (com.couchbase.connect.kafka.SourceTaskLifecycle:202)
[2023-04-19 17:02:41,212] INFO [test-couchbase-source|task-1|offsets] {"milestone":"OFFSET_COMMIT_HOOK","taskUuid":"643044cb-cb1b-47aa-82d8-0789ad90dc28","context":"[test-couchbase-source|task-1|offsets]"} (com.couchbase.connect.kafka.SourceTaskLifecycle:202)
[2023-04-19 17:02:51,220] INFO [test-couchbase-source|task-0|offsets] {"milestone":"OFFSET_COMMIT_HOOK","taskUuid":"cdeebbba-318b-46cd-a71e-e2c1dc2ea319","context":"[test-couchbase-source|task-0|offsets]"} (com.couchbase.connect.kafka.SourceTaskLifecycle:202)
[2023-04-19 17:02:51,220] INFO [test-couchbase-source|task-1|offsets] {"milestone":"OFFSET_COMMIT_HOOK","taskUuid":"643044cb-cb1b-47aa-82d8-0789ad90dc28","context":"[test-couchbase-source|task-1|offsets]"} (com.couchbase.connect.kafka.SourceTaskLifecycle:202)
[2023-04-19 17:03:01,230] INFO [test-couchbase-source|task-0|offsets] {"milestone":"OFFSET_COMMIT_HOOK","taskUuid":"cdeebbba-318b-46cd-a71e-e2c1dc2ea319","context":"[test-couchbase-source|task-0|offsets]"} (com.couchbase.connect.kafka.SourceTaskLifecycle:202)
[2023-04-19 17:03:01,231] INFO [test-couchbase-source|task-1|offsets] {"milestone":"OFFSET_COMMIT_HOOK","taskUuid":"643044cb-cb1b-47aa-82d8-0789ad90dc28","context":"[test-couchbase-source|task-1|offsets]"} (com.couchbase.connect.kafka.SourceTaskLifecycle:202)
[2023-04-19 17:03:11,239] INFO [test-couchbase-source|task-0|offsets] {"milestone":"OFFSET_COMMIT_HOOK","taskUuid":"cdeebbba-318b-46cd-a71e-e2c1dc2ea319","context":"[test-couchbase-source|task-0|offsets]"} (com.couchbase.connect.kafka.SourceTaskLifecycle:202)
[2023-04-19 17:03:11,239] INFO [test-couchbase-source|task-1|offsets] {"milestone":"OFFSET_COMMIT_HOOK","taskUuid":"643044cb-cb1b-47aa-82d8-0789ad90dc28","context":"[test-couchbase-source|task-1|offsets]"} (com.couchbase.connect.kafka.SourceTaskLifecycle:202)
[2023-04-19 17:03:21,249] INFO [test-couchbase-source|task-0|offsets] {"milestone":"OFFSET_COMMIT_HOOK","taskUuid":"cdeebbba-318b-46cd-a71e-e2c1dc2ea319","context":"[test-couchbase-source|task-0|offsets]"} (com.couchbase.connect.kafka.SourceTaskLifecycle:202)
[2023-04-19 17:03:21,249] INFO [test-couchbase-source|task-1|offsets] {"milestone":"OFFSET_COMMIT_HOOK","taskUuid":"643044cb-cb1b-47aa-82d8-0789ad90dc28","context":"[test-couchbase-source|task-1|offsets]"} (com.couchbase.connect.kafka.SourceTaskLifecycle:202)
[2023-04-19 17:03:31,257] INFO [test-couchbase-source|task-0|offsets] {"milestone":"OFFSET_COMMIT_HOOK","taskUuid":"cdeebbba-318b-46cd-a71e-e2c1dc2ea319","context":"[test-couchbase-source|task-0|offsets]"} (com.couchbase.connect.kafka.SourceTaskLifecycle:202)
[2023-04-19 17:03:31,257] INFO [test-couchbase-source|task-1|offsets] {"milestone":"OFFSET_COMMIT_HOOK","taskUuid":"643044cb-cb1b-47aa-82d8-0789ad90dc28","context":"[test-couchbase-source|task-1|offsets]"} (com.couchbase.connect.kafka.SourceTaskLifecycle:202)
[2023-04-19 17:03:41,266] INFO [test-couchbase-source|task-0|offsets] {"milestone":"OFFSET_COMMIT_HOOK","taskUuid":"cdeebbba-318b-46cd-a71e-e2c1dc2ea319","context":"[test-couchbase-source|task-0|offsets]"} (com.couchbase.connect.kafka.SourceTaskLifecycle:202)
[2023-04-19 17:03:41,267] INFO [test-couchbase-source|task-1|offsets] {"milestone":"OFFSET_COMMIT_HOOK","taskUuid":"643044cb-cb1b-47aa-82d8-0789ad90dc28","context":"[test-couchbase-source|task-1|offsets]"} (com.couchbase.connect.kafka.SourceTaskLifecycle:202)
[2023-04-19 17:03:51,277] INFO [test-couchbase-source|task-0|offsets] {"milestone":"OFFSET_COMMIT_HOOK","taskUuid":"cdeebbba-318b-46cd-a71e-e2c1dc2ea319","context":"[test-couchbase-source|task-0|offsets]"} (com.couchbase.connect.kafka.SourceTaskLifecycle:202)
[2023-04-19 17:03:51,277] INFO [test-couchbase-source|task-1|offsets] {"milestone":"OFFSET_COMMIT_HOOK","taskUuid":"643044cb-cb1b-47aa-82d8-0789ad90dc28","context":"[test-couchbase-source|task-1|offsets]"} (com.couchbase.connect.kafka.SourceTaskLifecycle:202)
[2023-04-19 17:04:01,288] INFO [test-couchbase-source|task-0|offsets] {"milestone":"OFFSET_COMMIT_HOOK","taskUuid":"cdeebbba-318b-46cd-a71e-e2c1dc2ea319","context":"[test-couchbase-source|task-0|offsets]"} (com.couchbase.connect.kafka.SourceTaskLifecycle:202)
[2023-04-19 17:04:01,288] INFO [test-couchbase-source|task-1|offsets] {"milestone":"OFFSET_COMMIT_HOOK","taskUuid":"643044cb-cb1b-47aa-82d8-0789ad90dc28","context":"[test-couchbase-source|task-1|offsets]"} (com.couchbase.connect.kafka.SourceTaskLifecycle:202)
[2023-04-19 17:04:11,297] INFO [test-couchbase-source|task-0|offsets] {"milestone":"OFFSET_COMMIT_HOOK","taskUuid":"cdeebbba-318b-46cd-a71e-e2c1dc2ea319","context":"[test-couchbase-source|task-0|offsets]"} (com.couchbase.connect.kafka.SourceTaskLifecycle:202)
[2023-04-19 17:04:11,308] INFO [test-couchbase-source|task-1|offsets] {"milestone":"OFFSET_COMMIT_HOOK","taskUuid":"643044cb-cb1b-47aa-82d8-0789ad90dc28","context":"[test-couchbase-source|task-1|offsets]"} (com.couchbase.connect.kafka.SourceTaskLifecycle:202)
[2023-04-19 17:04:21,317] INFO [test-couchbase-source|task-0|offsets] {"milestone":"OFFSET_COMMIT_HOOK","taskUuid":"cdeebbba-318b-46cd-a71e-e2c1dc2ea319","context":"[test-couchbase-source|task-0|offsets]"} (com.couchbase.connect.kafka.SourceTaskLifecycle:202)
[2023-04-19 17:04:21,318] INFO [test-couchbase-source|task-1|offsets] {"milestone":"OFFSET_COMMIT_HOOK","taskUuid":"643044cb-cb1b-47aa-82d8-0789ad90dc28","context":"[test-couchbase-source|task-1|offsets]"} (com.couchbase.connect.kafka.SourceTaskLifecycle:202)
[2023-04-19 17:04:31,326] INFO [test-couchbase-source|task-0|offsets] {"milestone":"OFFSET_COMMIT_HOOK","taskUuid":"cdeebbba-318b-46cd-a71e-e2c1dc2ea319","context":"[test-couchbase-source|task-0|offsets]"} (com.couchbase.connect.kafka.SourceTaskLifecycle:202)
[2023-04-19 17:04:31,326] INFO [test-couchbase-source|task-1|offsets] {"milestone":"OFFSET_COMMIT_HOOK","taskUuid":"643044cb-cb1b-47aa-82d8-0789ad90dc28","context":"[test-couchbase-source|task-1|offsets]"} (com.couchbase.connect.kafka.SourceTaskLifecycle:202)
[2023-04-19 17:04:41,333] INFO [test-couchbase-source|task-0|offsets] {"milestone":"OFFSET_COMMIT_HOOK","taskUuid":"cdeebbba-318b-46cd-a71e-e2c1dc2ea319","context":"[test-couchbase-source|task-0|offsets]"} (com.couchbase.connect.kafka.SourceTaskLifecycle:202)
[2023-04-19 17:04:41,333] INFO [test-couchbase-source|task-1|offsets] {"milestone":"OFFSET_COMMIT_HOOK","taskUuid":"643044cb-cb1b-47aa-82d8-0789ad90dc28","context":"[test-couchbase-source|task-1|offsets]"} (com.couchbase.connect.kafka.SourceTaskLifecycle:202)
[2023-04-19 17:04:51,342] INFO [test-couchbase-source|task-0|offsets] {"milestone":"OFFSET_COMMIT_HOOK","taskUuid":"cdeebbba-318b-46cd-a71e-e2c1dc2ea319","context":"[test-couchbase-source|task-0|offsets]"} (com.couchbase.connect.kafka.SourceTaskLifecycle:202)
[2023-04-19 17:04:51,342] INFO [test-couchbase-source|task-1|offsets] {"milestone":"OFFSET_COMMIT_HOOK","taskUuid":"643044cb-cb1b-47aa-82d8-0789ad90dc28","context":"[test-couchbase-source|task-1|offsets]"} (com.couchbase.connect.kafka.SourceTaskLifecycle:202)
[2023-04-19 17:05:01,351] INFO [test-couchbase-source|task-0|offsets] {"milestone":"OFFSET_COMMIT_HOOK","taskUuid":"cdeebbba-318b-46cd-a71e-e2c1dc2ea319","context":"[test-couchbase-source|task-0|offsets]"} (com.couchbase.connect.kafka.SourceTaskLifecycle:202)
[2023-04-19 17:05:01,352] INFO [test-couchbase-source|task-1|offsets] {"milestone":"OFFSET_COMMIT_HOOK","taskUuid":"643044cb-cb1b-47aa-82d8-0789ad90dc28","context":"[test-couchbase-source|task-1|offsets]"} (com.couchbase.connect.kafka.SourceTaskLifecycle:202)
[2023-04-19 17:05:11,364] INFO [test-couchbase-source|task-0|offsets] {"milestone":"OFFSET_COMMIT_HOOK","taskUuid":"cdeebbba-318b-46cd-a71e-e2c1dc2ea319","context":"[test-couchbase-source|task-0|offsets]"} (com.couchbase.connect.kafka.SourceTaskLifecycle:202)
[2023-04-19 17:05:11,364] INFO [test-couchbase-source|task-1|offsets] {"milestone":"OFFSET_COMMIT_HOOK","taskUuid":"643044cb-cb1b-47aa-82d8-0789ad90dc28","context":"[test-couchbase-source|task-1|offsets]"} (com.couchbase.connect.kafka.SourceTaskLifecycle:202)
[2023-04-19 17:05:21,374] INFO [test-couchbase-source|task-0|offsets] {"milestone":"OFFSET_COMMIT_HOOK","taskUuid":"cdeebbba-318b-46cd-a71e-e2c1dc2ea319","context":"[test-couchbase-source|task-0|offsets]"} (com.couchbase.connect.kafka.SourceTaskLifecycle:202)
[2023-04-19 17:05:21,374] INFO [test-couchbase-source|task-1|offsets] {"milestone":"OFFSET_COMMIT_HOOK","taskUuid":"643044cb-cb1b-47aa-82d8-0789ad90dc28","context":"[test-couchbase-source|task-1|offsets]"} (com.couchbase.connect.kafka.SourceTaskLifecycle:202)
[2023-04-19 17:05:31,382] INFO [test-couchbase-source|task-0|offsets] {"milestone":"OFFSET_COMMIT_HOOK","taskUuid":"cdeebbba-318b-46cd-a71e-e2c1dc2ea319","context":"[test-couchbase-source|task-0|offsets]"} (com.couchbase.connect.kafka.SourceTaskLifecycle:202)
[2023-04-19 17:05:31,382] INFO [test-couchbase-source|task-1|offsets] {"milestone":"OFFSET_COMMIT_HOOK","taskUuid":"643044cb-cb1b-47aa-82d8-0789ad90dc28","context":"[test-couchbase-source|task-1|offsets]"} (com.couchbase.connect.kafka.SourceTaskLifecycle:202)
[2023-04-19 17:05:41,390] INFO [test-couchbase-source|task-0|offsets] {"milestone":"OFFSET_COMMIT_HOOK","taskUuid":"cdeebbba-318b-46cd-a71e-e2c1dc2ea319","context":"[test-couchbase-source|task-0|offsets]"} (com.couchbase.connect.kafka.SourceTaskLifecycle:202)
[2023-04-19 17:05:41,390] INFO [test-couchbase-source|task-1|offsets] {"milestone":"OFFSET_COMMIT_HOOK","taskUuid":"643044cb-cb1b-47aa-82d8-0789ad90dc28","context":"[test-couchbase-source|task-1|offsets]"} (com.couchbase.connect.kafka.SourceTaskLifecycle:202)
[2023-04-19 17:05:51,398] INFO [test-couchbase-source|task-0|offsets] {"milestone":"OFFSET_COMMIT_HOOK","taskUuid":"cdeebbba-318b-46cd-a71e-e2c1dc2ea319","context":"[test-couchbase-source|task-0|offsets]"} (com.couchbase.connect.kafka.SourceTaskLifecycle:202)
[2023-04-19 17:05:51,398] INFO [test-couchbase-source|task-1|offsets] {"milestone":"OFFSET_COMMIT_HOOK","taskUuid":"643044cb-cb1b-47aa-82d8-0789ad90dc28","context":"[test-couchbase-source|task-1|offsets]"} (com.couchbase.connect.kafka.SourceTaskLifecycle:202)
[2023-04-19 17:06:01,408] INFO [test-couchbase-source|task-0|offsets] {"milestone":"OFFSET_COMMIT_HOOK","taskUuid":"cdeebbba-318b-46cd-a71e-e2c1dc2ea319","context":"[test-couchbase-source|task-0|offsets]"} (com.couchbase.connect.kafka.SourceTaskLifecycle:202)
[2023-04-19 17:06:01,408] INFO [test-couchbase-source|task-1|offsets] {"milestone":"OFFSET_COMMIT_HOOK","taskUuid":"643044cb-cb1b-47aa-82d8-0789ad90dc28","context":"[test-couchbase-source|task-1|offsets]"} (com.couchbase.connect.kafka.SourceTaskLifecycle:202)
[2023-04-19 17:06:11,416] INFO [test-couchbase-source|task-0|offsets] {"milestone":"OFFSET_COMMIT_HOOK","taskUuid":"cdeebbba-318b-46cd-a71e-e2c1dc2ea319","context":"[test-couchbase-source|task-0|offsets]"} (com.couchbase.connect.kafka.SourceTaskLifecycle:202)
[2023-04-19 17:06:11,416] INFO [test-couchbase-source|task-1|offsets] {"milestone":"OFFSET_COMMIT_HOOK","taskUuid":"643044cb-cb1b-47aa-82d8-0789ad90dc28","context":"[test-couchbase-source|task-1|offsets]"} (com.couchbase.connect.kafka.SourceTaskLifecycle:202)
[2023-04-19 17:06:21,426] INFO [test-couchbase-source|task-0|offsets] {"milestone":"OFFSET_COMMIT_HOOK","taskUuid":"cdeebbba-318b-46cd-a71e-e2c1dc2ea319","context":"[test-couchbase-source|task-0|offsets]"} (com.couchbase.connect.kafka.SourceTaskLifecycle:202)
[2023-04-19 17:06:21,427] INFO [test-couchbase-source|task-1|offsets] {"milestone":"OFFSET_COMMIT_HOOK","taskUuid":"643044cb-cb1b-47aa-82d8-0789ad90dc28","context":"[test-couchbase-source|task-1|offsets]"} (com.couchbase.connect.kafka.SourceTaskLifecycle:202)
[2023-04-19 17:06:31,431] INFO [test-couchbase-source|task-0|offsets] {"milestone":"OFFSET_COMMIT_HOOK","taskUuid":"cdeebbba-318b-46cd-a71e-e2c1dc2ea319","context":"[test-couchbase-source|task-0|offsets]"} (com.couchbase.connect.kafka.SourceTaskLifecycle:202)
[2023-04-19 17:06:31,431] INFO [test-couchbase-source|task-1|offsets] {"milestone":"OFFSET_COMMIT_HOOK","taskUuid":"643044cb-cb1b-47aa-82d8-0789ad90dc28","context":"[test-couchbase-source|task-1|offsets]"} (com.couchbase.connect.kafka.SourceTaskLifecycle:202)
[2023-04-19 17:06:41,436] INFO [test-couchbase-source|task-0|offsets] {"milestone":"OFFSET_COMMIT_HOOK","taskUuid":"cdeebbba-318b-46cd-a71e-e2c1dc2ea319","context":"[test-couchbase-source|task-0|offsets]"} (com.couchbase.connect.kafka.SourceTaskLifecycle:202)
[2023-04-19 17:06:41,436] INFO [test-couchbase-source|task-1|offsets] {"milestone":"OFFSET_COMMIT_HOOK","taskUuid":"643044cb-cb1b-47aa-82d8-0789ad90dc28","context":"[test-couchbase-source|task-1|offsets]"} (com.couchbase.connect.kafka.SourceTaskLifecycle:202)
[2023-04-19 17:06:51,444] INFO [test-couchbase-source|task-0|offsets] {"milestone":"OFFSET_COMMIT_HOOK","taskUuid":"cdeebbba-318b-46cd-a71e-e2c1dc2ea319","context":"[test-couchbase-source|task-0|offsets]"} (com.couchbase.connect.kafka.SourceTaskLifecycle:202)
[2023-04-19 17:06:51,444] INFO [test-couchbase-source|task-1|offsets] {"milestone":"OFFSET_COMMIT_HOOK","taskUuid":"643044cb-cb1b-47aa-82d8-0789ad90dc28","context":"[test-couchbase-source|task-1|offsets]"} (com.couchbase.connect.kafka.SourceTaskLifecycle:202)
[2023-04-19 17:07:01,449] INFO [test-couchbase-source|task-0|offsets] {"milestone":"OFFSET_COMMIT_HOOK","taskUuid":"cdeebbba-318b-46cd-a71e-e2c1dc2ea319","context":"[test-couchbase-source|task-0|offsets]"} (com.couchbase.connect.kafka.SourceTaskLifecycle:202)
[2023-04-19 17:07:01,449] INFO [test-couchbase-source|task-1|offsets] {"milestone":"OFFSET_COMMIT_HOOK","taskUuid":"643044cb-cb1b-47aa-82d8-0789ad90dc28","context":"[test-couchbase-source|task-1|offsets]"} (com.couchbase.connect.kafka.SourceTaskLifecycle:202)
[2023-04-19 17:07:11,452] INFO [test-couchbase-source|task-0|offsets] {"milestone":"OFFSET_COMMIT_HOOK","taskUuid":"cdeebbba-318b-46cd-a71e-e2c1dc2ea319","context":"[test-couchbase-source|task-0|offsets]"} (com.couchbase.connect.kafka.SourceTaskLifecycle:202)
[2023-04-19 17:07:11,452] INFO [test-couchbase-source|task-1|offsets] {"milestone":"OFFSET_COMMIT_HOOK","taskUuid":"643044cb-cb1b-47aa-82d8-0789ad90dc28","context":"[test-couchbase-source|task-1|offsets]"} (com.couchbase.connect.kafka.SourceTaskLifecycle:202)
[2023-04-19 17:07:21,455] INFO [test-couchbase-source|task-0|offsets] {"milestone":"OFFSET_COMMIT_HOOK","taskUuid":"cdeebbba-318b-46cd-a71e-e2c1dc2ea319","context":"[test-couchbase-source|task-0|offsets]"} (com.couchbase.connect.kafka.SourceTaskLifecycle:202)
[2023-04-19 17:07:21,455] INFO [test-couchbase-source|task-1|offsets] {"milestone":"OFFSET_COMMIT_HOOK","taskUuid":"643044cb-cb1b-47aa-82d8-0789ad90dc28","context":"[test-couchbase-source|task-1|offsets]"} (com.couchbase.connect.kafka.SourceTaskLifecycle:202)
[2023-04-19 17:07:31,460] INFO [test-couchbase-source|task-0|offsets] {"milestone":"OFFSET_COMMIT_HOOK","taskUuid":"cdeebbba-318b-46cd-a71e-e2c1dc2ea319","context":"[test-couchbase-source|task-0|offsets]"} (com.couchbase.connect.kafka.SourceTaskLifecycle:202)
[2023-04-19 17:07:31,460] INFO [test-couchbase-source|task-1|offsets] {"milestone":"OFFSET_COMMIT_HOOK","taskUuid":"643044cb-cb1b-47aa-82d8-0789ad90dc28","context":"[test-couchbase-source|task-1|offsets]"} (com.couchbase.connect.kafka.SourceTaskLifecycle:202)
[2023-04-19 17:07:41,464] INFO [test-couchbase-source|task-0|offsets] {"milestone":"OFFSET_COMMIT_HOOK","taskUuid":"cdeebbba-318b-46cd-a71e-e2c1dc2ea319","context":"[test-couchbase-source|task-0|offsets]"} (com.couchbase.connect.kafka.SourceTaskLifecycle:202)
[2023-04-19 17:07:41,464] INFO [test-couchbase-source|task-1|offsets] {"milestone":"OFFSET_COMMIT_HOOK","taskUuid":"643044cb-cb1b-47aa-82d8-0789ad90dc28","context":"[test-couchbase-source|task-1|offsets]"} (com.couchbase.connect.kafka.SourceTaskLifecycle:202)
[2023-04-19 17:07:51,472] INFO [test-couchbase-source|task-0|offsets] {"milestone":"OFFSET_COMMIT_HOOK","taskUuid":"cdeebbba-318b-46cd-a71e-e2c1dc2ea319","context":"[test-couchbase-source|task-0|offsets]"} (com.couchbase.connect.kafka.SourceTaskLifecycle:202)
[2023-04-19 17:07:51,473] INFO [test-couchbase-source|task-1|offsets] {"milestone":"OFFSET_COMMIT_HOOK","taskUuid":"643044cb-cb1b-47aa-82d8-0789ad90dc28","context":"[test-couchbase-source|task-1|offsets]"} (com.couchbase.connect.kafka.SourceTaskLifecycle:202)
[2023-04-19 17:08:01,477] INFO [test-couchbase-source|task-0|offsets] {"milestone":"OFFSET_COMMIT_HOOK","taskUuid":"cdeebbba-318b-46cd-a71e-e2c1dc2ea319","context":"[test-couchbase-source|task-0|offsets]"} (com.couchbase.connect.kafka.SourceTaskLifecycle:202)
[2023-04-19 17:08:01,477] INFO [test-couchbase-source|task-1|offsets] {"milestone":"OFFSET_COMMIT_HOOK","taskUuid":"643044cb-cb1b-47aa-82d8-0789ad90dc28","context":"[test-couchbase-source|task-1|offsets]"} (com.couchbase.connect.kafka.SourceTaskLifecycle:202)
[2023-04-19 17:08:11,481] INFO [test-couchbase-source|task-0|offsets] {"milestone":"OFFSET_COMMIT_HOOK","taskUuid":"cdeebbba-318b-46cd-a71e-e2c1dc2ea319","context":"[test-couchbase-source|task-0|offsets]"} (com.couchbase.connect.kafka.SourceTaskLifecycle:202)
[2023-04-19 17:08:11,481] INFO [test-couchbase-source|task-1|offsets] {"milestone":"OFFSET_COMMIT_HOOK","taskUuid":"643044cb-cb1b-47aa-82d8-0789ad90dc28","context":"[test-couchbase-source|task-1|offsets]"} (com.couchbase.connect.kafka.SourceTaskLifecycle:202)
[2023-04-19 17:08:21,486] INFO [test-couchbase-source|task-0|offsets] {"milestone":"OFFSET_COMMIT_HOOK","taskUuid":"cdeebbba-318b-46cd-a71e-e2c1dc2ea319","context":"[test-couchbase-source|task-0|offsets]"} (com.couchbase.connect.kafka.SourceTaskLifecycle:202)
[2023-04-19 17:08:21,486] INFO [test-couchbase-source|task-1|offsets] {"milestone":"OFFSET_COMMIT_HOOK","taskUuid":"643044cb-cb1b-47aa-82d8-0789ad90dc28","context":"[test-couchbase-source|task-1|offsets]"} (com.couchbase.connect.kafka.SourceTaskLifecycle:202)
[2023-04-19 17:08:31,489] INFO [test-couchbase-source|task-0|offsets] {"milestone":"OFFSET_COMMIT_HOOK","taskUuid":"cdeebbba-318b-46cd-a71e-e2c1dc2ea319","context":"[test-couchbase-source|task-0|offsets]"} (com.couchbase.connect.kafka.SourceTaskLifecycle:202)
[2023-04-19 17:08:31,490] INFO [test-couchbase-source|task-1|offsets] {"milestone":"OFFSET_COMMIT_HOOK","taskUuid":"643044cb-cb1b-47aa-82d8-0789ad90dc28","context":"[test-couchbase-source|task-1|offsets]"} (com.couchbase.connect.kafka.SourceTaskLifecycle:202)
[2023-04-19 17:08:41,499] INFO [test-couchbase-source|task-0|offsets] {"milestone":"OFFSET_COMMIT_HOOK","taskUuid":"cdeebbba-318b-46cd-a71e-e2c1dc2ea319","context":"[test-couchbase-source|task-0|offsets]"} (com.couchbase.connect.kafka.SourceTaskLifecycle:202)
[2023-04-19 17:08:41,511] INFO [test-couchbase-source|task-1|offsets] {"milestone":"OFFSET_COMMIT_HOOK","taskUuid":"643044cb-cb1b-47aa-82d8-0789ad90dc28","context":"[test-couchbase-source|task-1|offsets]"} (com.couchbase.connect.kafka.SourceTaskLifecycle:202)
[2023-04-19 17:08:51,516] INFO [test-couchbase-source|task-0|offsets] {"milestone":"OFFSET_COMMIT_HOOK","taskUuid":"cdeebbba-318b-46cd-a71e-e2c1dc2ea319","context":"[test-couchbase-source|task-0|offsets]"} (com.couchbase.connect.kafka.SourceTaskLifecycle:202)
[2023-04-19 17:08:51,516] INFO [test-couchbase-source|task-1|offsets] {"milestone":"OFFSET_COMMIT_HOOK","taskUuid":"643044cb-cb1b-47aa-82d8-0789ad90dc28","context":"[test-couchbase-source|task-1|offsets]"} (com.couchbase.connect.kafka.SourceTaskLifecycle:202)
[2023-04-19 17:08:52,790] INFO Kafka Connect stopping (org.apache.kafka.connect.runtime.Connect:66)
[2023-04-19 17:08:52,798] INFO Stopping REST server (org.apache.kafka.connect.runtime.rest.RestServer:317)
[2023-04-19 17:08:53,119] INFO [test-couchbase-source|task-0] [Producer clientId=connector-producer-test-couchbase-source-0] Node 0 disconnected. (org.apache.kafka.clients.NetworkClient:937)
[2023-04-19 17:08:53,119] INFO [test-couchbase-source|task-1] [Producer clientId=connector-producer-test-couchbase-source-1] Node 0 disconnected. (org.apache.kafka.clients.NetworkClient:937)
[2023-04-19 17:08:53,170] INFO Stopped http_8083@7e9da981{HTTP/1.1, (http/1.1)}{0.0.0.0:8083} (org.eclipse.jetty.server.AbstractConnector:383)
[2023-04-19 17:08:53,173] INFO node0 Stopped scavenging (org.eclipse.jetty.server.session:149)
[2023-04-19 17:08:53,206] INFO [test-couchbase-source|task-0] [Producer clientId=connector-producer-test-couchbase-source-0] Node 0 disconnected. (org.apache.kafka.clients.NetworkClient:937)
[2023-04-19 17:08:53,206] WARN [test-couchbase-source|task-0] [Producer clientId=connector-producer-test-couchbase-source-0] Connection to node 0 (localhost/127.0.0.1:9092) could not be established. Broker may not be available. (org.apache.kafka.clients.NetworkClient:775)
[2023-04-19 17:08:53,206] INFO [test-couchbase-source|task-1] [Producer clientId=connector-producer-test-couchbase-source-1] Node 0 disconnected. (org.apache.kafka.clients.NetworkClient:937)
[2023-04-19 17:08:53,211] WARN [test-couchbase-source|task-1] [Producer clientId=connector-producer-test-couchbase-source-1] Connection to node 0 (localhost/127.0.0.1:9092) could not be established. Broker may not be available. (org.apache.kafka.clients.NetworkClient:775)
[2023-04-19 17:08:53,251] INFO REST server stopped (org.apache.kafka.connect.runtime.rest.RestServer:334)
[2023-04-19 17:08:53,252] INFO Herder stopping (org.apache.kafka.connect.runtime.standalone.StandaloneHerder:106)
[2023-04-19 17:08:53,274] INFO [test-couchbase-source|task-0] Stopping task test-couchbase-source-0 (org.apache.kafka.connect.runtime.Worker:998)
[2023-04-19 17:08:53,342] INFO [test-couchbase-source|task-1] Stopping task test-couchbase-source-1 (org.apache.kafka.connect.runtime.Worker:998)
[2023-04-19 17:08:53,358] INFO [test-couchbase-source|task-1] [Producer clientId=connector-producer-test-couchbase-source-1] Node 0 disconnected. (org.apache.kafka.clients.NetworkClient:937)
[2023-04-19 17:08:53,358] INFO [test-couchbase-source|task-0] [Producer clientId=connector-producer-test-couchbase-source-0] Node 0 disconnected. (org.apache.kafka.clients.NetworkClient:937)
[2023-04-19 17:08:53,359] WARN [test-couchbase-source|task-0] [Producer clientId=connector-producer-test-couchbase-source-0] Connection to node 0 (localhost/127.0.0.1:9092) could not be established. Broker may not be available. (org.apache.kafka.clients.NetworkClient:775)
[2023-04-19 17:08:53,359] WARN [test-couchbase-source|task-1] [Producer clientId=connector-producer-test-couchbase-source-1] Connection to node 0 (localhost/127.0.0.1:9092) could not be established. Broker may not be available. (org.apache.kafka.clients.NetworkClient:775)
[2023-04-19 17:08:53,616] INFO [test-couchbase-source|task-0] [Producer clientId=connector-producer-test-couchbase-source-0] Node 0 disconnected. (org.apache.kafka.clients.NetworkClient:937)
[2023-04-19 17:08:53,616] INFO [test-couchbase-source|task-1] [Producer clientId=connector-producer-test-couchbase-source-1] Node 0 disconnected. (org.apache.kafka.clients.NetworkClient:937)
[2023-04-19 17:08:53,617] WARN [test-couchbase-source|task-0] [Producer clientId=connector-producer-test-couchbase-source-0] Connection to node 0 (localhost/127.0.0.1:9092) could not be established. Broker may not be available. (org.apache.kafka.clients.NetworkClient:775)
[2023-04-19 17:08:53,617] WARN [test-couchbase-source|task-1] [Producer clientId=connector-producer-test-couchbase-source-1] Connection to node 0 (localhost/127.0.0.1:9092) could not be established. Broker may not be available. (org.apache.kafka.clients.NetworkClient:775)
[2023-04-19 17:08:53,847] INFO [test-couchbase-source|task-0] {"milestone":"OFFSET_COMMIT_HOOK","taskUuid":"cdeebbba-318b-46cd-a71e-e2c1dc2ea319","context":"[test-couchbase-source|task-0]"} (com.couchbase.connect.kafka.SourceTaskLifecycle:202)
[2023-04-19 17:08:53,848] INFO [test-couchbase-source|task-1] {"milestone":"OFFSET_COMMIT_HOOK","taskUuid":"643044cb-cb1b-47aa-82d8-0789ad90dc28","context":"[test-couchbase-source|task-1]"} (com.couchbase.connect.kafka.SourceTaskLifecycle:202)
[2023-04-19 17:08:53,872] INFO [test-couchbase-source|task-1] {"milestone":"TASK_STOPPED","taskUuid":"643044cb-cb1b-47aa-82d8-0789ad90dc28","context":"[test-couchbase-source|task-1]"} (com.couchbase.connect.kafka.SourceTaskLifecycle:202)
[2023-04-19 17:08:53,872] INFO [test-couchbase-source|task-0] {"milestone":"TASK_STOPPED","taskUuid":"cdeebbba-318b-46cd-a71e-e2c1dc2ea319","context":"[test-couchbase-source|task-0]"} (com.couchbase.connect.kafka.SourceTaskLifecycle:202)
[2023-04-19 17:08:53,949] INFO [test-couchbase-source|task-1] success [tag(remote=127.0.0.1:11210)] (com.couchbase.client.dcp.metrics.ActionCounter.dcp.disconnect:212)
[2023-04-19 17:08:53,949] INFO [test-couchbase-source|task-0] success [tag(remote=127.0.0.1:11210)] (com.couchbase.client.dcp.metrics.ActionCounter.dcp.disconnect:212)
[2023-04-19 17:08:53,977] INFO [test-couchbase-source|task-0] success [tag(remote=127.0.0.1:11210)] (com.couchbase.client.dcp.metrics.ActionCounter.dcp.disconnect:212)
[2023-04-19 17:08:53,980] INFO [test-couchbase-source|task-1] [Producer clientId=connector-producer-test-couchbase-source-1] Node 0 disconnected. (org.apache.kafka.clients.NetworkClient:937)
[2023-04-19 17:08:53,977] INFO [test-couchbase-source|task-1] success [tag(remote=127.0.0.1:11210)] (com.couchbase.client.dcp.metrics.ActionCounter.dcp.disconnect:212)
[2023-04-19 17:08:54,001] INFO [test-couchbase-source|task-0] Disconnected from Node 127.0.0.1:11210 (com.couchbase.client.dcp.conductor.DcpChannel:298)
[2023-04-19 17:08:54,001] WARN [test-couchbase-source|task-1] [Producer clientId=connector-producer-test-couchbase-source-1] Connection to node 0 (localhost/127.0.0.1:9092) could not be established. Broker may not be available. (org.apache.kafka.clients.NetworkClient:775)
[2023-04-19 17:08:54,036] INFO [test-couchbase-source|task-0] Shutdown complete. (com.couchbase.client.dcp.conductor.Conductor:258)
[2023-04-19 17:08:54,001] INFO [test-couchbase-source|task-1] Disconnected from Node 127.0.0.1:11210 (com.couchbase.client.dcp.conductor.DcpChannel:298)
[2023-04-19 17:08:54,038] INFO [test-couchbase-source|task-1] Shutdown complete. (com.couchbase.client.dcp.conductor.Conductor:258)
[2023-04-19 17:08:54,082] INFO [test-couchbase-source|task-0] [Producer clientId=connector-producer-test-couchbase-source-0] Node 0 disconnected. (org.apache.kafka.clients.NetworkClient:937)
[2023-04-19 17:08:54,100] INFO [test-couchbase-source|task-0] [Producer clientId=connector-producer-test-couchbase-source-0] Closing the Kafka producer with timeoutMillis = 30000 ms. (org.apache.kafka.clients.producer.KafkaProducer:1310)
[2023-04-19 17:08:54,100] INFO [test-couchbase-source|task-1] [Producer clientId=connector-producer-test-couchbase-source-1] Closing the Kafka producer with timeoutMillis = 30000 ms. (org.apache.kafka.clients.producer.KafkaProducer:1310)
[2023-04-19 17:08:54,106] WARN [test-couchbase-source|task-0] [Producer clientId=connector-producer-test-couchbase-source-0] Connection to node 0 (localhost/127.0.0.1:9092) could not be established. Broker may not be available. (org.apache.kafka.clients.NetworkClient:775)
[2023-04-19 17:08:54,145] INFO [test-couchbase-source|task-0] Metrics scheduler closed (org.apache.kafka.common.metrics.Metrics:693)
[2023-04-19 17:08:54,147] INFO [test-couchbase-source|task-0] Closing reporter org.apache.kafka.common.metrics.JmxReporter (org.apache.kafka.common.metrics.Metrics:697)
[2023-04-19 17:08:54,147] INFO [test-couchbase-source|task-1] Metrics scheduler closed (org.apache.kafka.common.metrics.Metrics:693)
[2023-04-19 17:08:54,148] INFO [test-couchbase-source|task-0] Metrics reporters closed (org.apache.kafka.common.metrics.Metrics:703)
[2023-04-19 17:08:54,166] INFO [test-couchbase-source|task-1] Closing reporter org.apache.kafka.common.metrics.JmxReporter (org.apache.kafka.common.metrics.Metrics:697)
[2023-04-19 17:08:54,168] INFO [test-couchbase-source|task-1] Metrics reporters closed (org.apache.kafka.common.metrics.Metrics:703)
[2023-04-19 17:08:54,169] INFO [test-couchbase-source|task-0] App info kafka.producer for connector-producer-test-couchbase-source-0 unregistered (org.apache.kafka.common.utils.AppInfoParser:83)
[2023-04-19 17:08:54,192] INFO [test-couchbase-source|task-1] App info kafka.producer for connector-producer-test-couchbase-source-1 unregistered (org.apache.kafka.common.utils.AppInfoParser:83)
[2023-04-19 17:08:54,230] INFO [test-couchbase-source|worker] Stopping connector test-couchbase-source (org.apache.kafka.connect.runtime.Worker:404)
[2023-04-19 17:08:54,236] INFO [test-couchbase-source|worker] Scheduled shutdown for WorkerConnector{id=test-couchbase-source} (org.apache.kafka.connect.runtime.WorkerConnector:254)
[2023-04-19 17:08:54,239] INFO [test-couchbase-source|worker] {"milestone":"CONNECTOR_STOPPED","connectorUuid":"f3ca46db-424b-4bab-92de-295cf99925eb"} (com.couchbase.connect.kafka.ConnectorLifecycle:202)
[2023-04-19 17:08:54,257] INFO [test-couchbase-source|worker] Completed shutdown for WorkerConnector{id=test-couchbase-source} (org.apache.kafka.connect.runtime.WorkerConnector:274)
[2023-04-19 17:08:54,260] INFO Worker stopping (org.apache.kafka.connect.runtime.Worker:219)
[2023-04-19 17:08:54,285] INFO Stopped FileOffsetBackingStore (org.apache.kafka.connect.storage.FileOffsetBackingStore:66)
[2023-04-19 17:08:54,300] INFO Metrics scheduler closed (org.apache.kafka.common.metrics.Metrics:693)
[2023-04-19 17:08:54,302] INFO Closing reporter org.apache.kafka.common.metrics.JmxReporter (org.apache.kafka.common.metrics.Metrics:697)
[2023-04-19 17:08:54,302] INFO Metrics reporters closed (org.apache.kafka.common.metrics.Metrics:703)
[2023-04-19 17:08:54,321] INFO App info kafka.connect for 127.0.0.1:8083 unregistered (org.apache.kafka.common.utils.AppInfoParser:83)
[2023-04-19 17:08:54,321] INFO Worker stopped (org.apache.kafka.connect.runtime.Worker:240)
[2023-04-19 17:08:54,327] INFO Herder stopped (org.apache.kafka.connect.runtime.standalone.StandaloneHerder:124)
[2023-04-19 17:08:54,345] INFO Kafka Connect stopped (org.apache.kafka.connect.runtime.Connect:71)
